This is pdfTeX, Version 3.14159265-2.6-1.40.17 (MiKTeX 2.9 64-bit) (preloaded format=pdflatex 2016.11.15)  16 NOV 2016 17:16
entering extended mode
**./TechNotes.tex
(TechNotes.tex
LaTeX2e <2016/03/31> patch level 3
Babel <3.9r> and hyphenation patterns for 75 language(s) loaded.
("C:\Program Files\MiKTeX 2.9\tex\latex\base\article.cls"
Document Class: article 2014/09/29 v1.4h Standard LaTeX document class
("C:\Program Files\MiKTeX 2.9\tex\latex\base\size12.clo"
File: size12.clo 2014/09/29 v1.4h Standard LaTeX file (size option)
)
\c@part=\count79
\c@section=\count80
\c@subsection=\count81
\c@subsubsection=\count82
\c@paragraph=\count83
\c@subparagraph=\count84
\c@figure=\count85
\c@table=\count86
\abovecaptionskip=\skip41
\belowcaptionskip=\skip42
\bibindent=\dimen102
) (axioma.sty
(C:\Users\zgao\AppData\Roaming\MiKTeX\2.9\tex\latex\xcolor\xcolor.sty
Package: xcolor 2016/05/11 v2.12 LaTeX color extensions (UK)

("C:\Program Files\MiKTeX 2.9\tex\latex\00miktex\color.cfg"
File: color.cfg 2016/01/02 v1.6 sample color configuration
)
Package xcolor Info: Driver file: pdftex.def on input line 225.

("C:\Program Files\MiKTeX 2.9\tex\latex\graphics-def\pdftex.def"
File: pdftex.def 2016/07/10 v0.06j Graphics/color for pdfTeX

("C:\Program Files\MiKTeX 2.9\tex\generic\oberdiek\infwarerr.sty"
Package: infwarerr 2016/05/16 v1.4 Providing info/warning/error messages (HO)
)
("C:\Program Files\MiKTeX 2.9\tex\generic\oberdiek\ltxcmds.sty"
Package: ltxcmds 2016/05/16 v1.23 LaTeX kernel commands for general use (HO)
)
\Gread@gobject=\count87
)
Package xcolor Info: Model `cmy' substituted by `cmy0' on input line 1348.
Package xcolor Info: Model `hsb' substituted by `rgb' on input line 1352.
Package xcolor Info: Model `RGB' extended on input line 1364.
Package xcolor Info: Model `HTML' substituted by `rgb' on input line 1366.
Package xcolor Info: Model `Hsb' substituted by `hsb' on input line 1367.
Package xcolor Info: Model `tHsb' substituted by `hsb' on input line 1368.
Package xcolor Info: Model `HSB' substituted by `hsb' on input line 1369.
Package xcolor Info: Model `Gray' substituted by `gray' on input line 1370.
Package xcolor Info: Model `wave' substituted by `hsb' on input line 1371.
)
("C:\Program Files\MiKTeX 2.9\tex\latex\graphics\graphicx.sty"
Package: graphicx 2014/10/28 v1.0g Enhanced LaTeX Graphics (DPC,SPQR)

("C:\Program Files\MiKTeX 2.9\tex\latex\graphics\keyval.sty"
Package: keyval 2014/10/28 v1.15 key=value parser (DPC)
\KV@toks@=\toks14
)
("C:\Program Files\MiKTeX 2.9\tex\latex\graphics\graphics.sty"
Package: graphics 2016/07/10 v1.0t Standard LaTeX Graphics (DPC,SPQR)

("C:\Program Files\MiKTeX 2.9\tex\latex\graphics\trig.sty"
Package: trig 2016/01/03 v1.10 sin cos tan (DPC)
)
("C:\Program Files\MiKTeX 2.9\tex\latex\00miktex\graphics.cfg"
File: graphics.cfg 2016/06/04 v1.11 sample graphics configuration
)
Package graphics Info: Driver file: pdftex.def on input line 99.
)
\Gin@req@height=\dimen103
\Gin@req@width=\dimen104
)
(C:\Users\zgao\AppData\Roaming\MiKTeX\2.9\tex\latex\fancyhdr\fancyhdr.sty
Package: fancyhdr 2016/09/06 3.8 Extensive control of page headers and footers
\fancy@headwidth=\skip43
\f@ncyO@elh=\skip44
\f@ncyO@erh=\skip45
\f@ncyO@olh=\skip46
\f@ncyO@orh=\skip47
\f@ncyO@elf=\skip48
\f@ncyO@erf=\skip49
\f@ncyO@olf=\skip50
\f@ncyO@orf=\skip51
)
(C:\Users\zgao\AppData\Roaming\MiKTeX\2.9\tex\latex\pdfpages\pdfpages.sty
Package: pdfpages 2016/04/19 v0.5f Insert pages of external PDF documents (AM)

("C:\Program Files\MiKTeX 2.9\tex\latex\base\ifthen.sty"
Package: ifthen 2014/09/29 v1.1c Standard LaTeX ifthen package (DPC)
)
("C:\Program Files\MiKTeX 2.9\tex\latex\tools\calc.sty"
Package: calc 2014/10/28 v4.3 Infix arithmetic (KKT,FJ)
\calc@Acount=\count88
\calc@Bcount=\count89
\calc@Adimen=\dimen105
\calc@Bdimen=\dimen106
\calc@Askip=\skip52
\calc@Bskip=\skip53
LaTeX Info: Redefining \setlength on input line 80.
LaTeX Info: Redefining \addtolength on input line 81.
\calc@Ccount=\count90
\calc@Cskip=\skip54
)
(C:\Users\zgao\AppData\Roaming\MiKTeX\2.9\tex\latex\eso-pic\eso-pic.sty
Package: eso-pic 2015/07/21 v2.0g eso-pic (RN)

("C:\Program Files\MiKTeX 2.9\tex\generic\oberdiek\atbegshi.sty"
Package: atbegshi 2016/06/09 v1.18 At begin shipout hook (HO)

("C:\Program Files\MiKTeX 2.9\tex\generic\oberdiek\ifpdf.sty"
Package: ifpdf 2016/05/14 v3.1 Provides the ifpdf switch
)))
\AM@pagewidth=\dimen107
\AM@pageheight=\dimen108

(C:\Users\zgao\AppData\Roaming\MiKTeX\2.9\tex\latex\pdfpages\pppdftex.def
File: pppdftex.def 2016/04/19 v0.5f Pdfpages driver for pdfTeX (AM)
)
\AM@pagebox=\box26
\AM@global@opts=\toks15
\AM@toc@title=\toks16
\c@AM@survey=\count91
\AM@templatesizebox=\box27
)
(C:\Users\zgao\AppData\Roaming\MiKTeX\2.9\tex\latex\draftwatermark\draftwaterma
rk.sty
Package: draftwatermark 2015/02/19 1.2 Put a gray textual watermark on document
 pages

(C:\Users\zgao\AppData\Roaming\MiKTeX\2.9\tex\latex\everypage\everypage.sty
Package: everypage 2007/06/20 1.1 Hooks to run on every page
)
\sc@wm@hcenter=\skip55
\sc@wm@vcenter=\skip56
\sc@wm@fontsize=\skip57
)
("C:\Program Files\MiKTeX 2.9\tex\latex\geometry\geometry.sty"
Package: geometry 2010/09/12 v5.6 Page Geometry

("C:\Program Files\MiKTeX 2.9\tex\generic\oberdiek\ifvtex.sty"
Package: ifvtex 2016/05/16 v1.6 Detect VTeX and its facilities (HO)
Package ifvtex Info: VTeX not detected.
)
("C:\Program Files\MiKTeX 2.9\tex\generic\ifxetex\ifxetex.sty"
Package: ifxetex 2010/09/12 v0.6 Provides ifxetex conditional
)
\Gm@cnth=\count92
\Gm@cntv=\count93
\c@Gm@tempcnt=\count94
\Gm@bindingoffset=\dimen109
\Gm@wd@mp=\dimen110
\Gm@odd@mp=\dimen111
\Gm@even@mp=\dimen112
\Gm@layoutwidth=\dimen113
\Gm@layoutheight=\dimen114
\Gm@layouthoffset=\dimen115
\Gm@layoutvoffset=\dimen116
\Gm@dimlist=\toks17

("C:\Program Files\MiKTeX 2.9\tex\latex\geometry\geometry.cfg")))
("C:\Program Files\MiKTeX 2.9\tex\latex\amsmath\amsmath.sty"
Package: amsmath 2016/06/28 v2.15d AMS math features
\@mathmargin=\skip58

For additional information on amsmath, use the `?' option.
("C:\Program Files\MiKTeX 2.9\tex\latex\amsmath\amstext.sty"
Package: amstext 2000/06/29 v2.01 AMS text

("C:\Program Files\MiKTeX 2.9\tex\latex\amsmath\amsgen.sty"
File: amsgen.sty 1999/11/30 v2.0 generic functions
\@emptytoks=\toks18
\ex@=\dimen117
))
("C:\Program Files\MiKTeX 2.9\tex\latex\amsmath\amsbsy.sty"
Package: amsbsy 1999/11/29 v1.2d Bold Symbols
\pmbraise@=\dimen118
)
("C:\Program Files\MiKTeX 2.9\tex\latex\amsmath\amsopn.sty"
Package: amsopn 2016/03/08 v2.02 operator names
)
\inf@bad=\count95
LaTeX Info: Redefining \frac on input line 199.
\uproot@=\count96
\leftroot@=\count97
LaTeX Info: Redefining \overline on input line 297.
\classnum@=\count98
\DOTSCASE@=\count99
LaTeX Info: Redefining \ldots on input line 394.
LaTeX Info: Redefining \dots on input line 397.
LaTeX Info: Redefining \cdots on input line 518.
\Mathstrutbox@=\box28
\strutbox@=\box29
\big@size=\dimen119
LaTeX Font Info:    Redeclaring font encoding OML on input line 634.
LaTeX Font Info:    Redeclaring font encoding OMS on input line 635.
\macc@depth=\count100
\c@MaxMatrixCols=\count101
\dotsspace@=\muskip10
\c@parentequation=\count102
\dspbrk@lvl=\count103
\tag@help=\toks19
\row@=\count104
\column@=\count105
\maxfields@=\count106
\andhelp@=\toks20
\eqnshift@=\dimen120
\alignsep@=\dimen121
\tagshift@=\dimen122
\tagwidth@=\dimen123
\totwidth@=\dimen124
\lineht@=\dimen125
\@envbody=\toks21
\multlinegap=\skip59
\multlinetaggap=\skip60
\mathdisplay@stack=\toks22
LaTeX Info: Redefining \[ on input line 2739.
LaTeX Info: Redefining \] on input line 2740.
) (TechNotes.aux)
\openout1 = `TechNotes.aux'.

LaTeX Font Info:    Checking defaults for OML/cmm/m/it on input line 4.
LaTeX Font Info:    ... okay on input line 4.
LaTeX Font Info:    Checking defaults for T1/cmr/m/n on input line 4.
LaTeX Font Info:    ... okay on input line 4.
LaTeX Font Info:    Checking defaults for OT1/cmr/m/n on input line 4.
LaTeX Font Info:    ... okay on input line 4.
LaTeX Font Info:    Checking defaults for OMS/cmsy/m/n on input line 4.
LaTeX Font Info:    ... okay on input line 4.
LaTeX Font Info:    Checking defaults for OMX/cmex/m/n on input line 4.
LaTeX Font Info:    ... okay on input line 4.
LaTeX Font Info:    Checking defaults for U/cmr/m/n on input line 4.
LaTeX Font Info:    ... okay on input line 4.

(C:\Users\zgao\AppData\Roaming\MiKTeX\2.9\tex\context\base\supp-pdf.mkii
[Loading MPS to PDF converter (version 2006.09.02).]
\scratchcounter=\count107
\scratchdimen=\dimen126
\scratchbox=\box30
\nofMPsegments=\count108
\nofMParguments=\count109
\everyMPshowfont=\toks23
\MPscratchCnt=\count110
\MPscratchDim=\dimen127
\MPnumerator=\count111
\makeMPintoPDFobject=\count112
\everyMPtoPDFconversion=\toks24
) ("C:\Program Files\MiKTeX 2.9\tex\generic\oberdiek\pdftexcmds.sty"
Package: pdftexcmds 2016/05/21 v0.22 Utility functions of pdfTeX for LuaTeX (HO
)

("C:\Program Files\MiKTeX 2.9\tex\generic\oberdiek\ifluatex.sty"
Package: ifluatex 2016/05/16 v1.4 Provides the ifluatex switch (HO)
Package ifluatex Info: LuaTeX not detected.
)
Package pdftexcmds Info: LuaTeX not detected.
Package pdftexcmds Info: \pdf@primitive is available.
Package pdftexcmds Info: \pdf@ifprimitive is available.
Package pdftexcmds Info: \pdfdraftmode found.
)
("C:\Program Files\MiKTeX 2.9\tex\latex\oberdiek\epstopdf-base.sty"
Package: epstopdf-base 2016/05/15 v2.6 Base part for package epstopdf

("C:\Program Files\MiKTeX 2.9\tex\latex\oberdiek\grfext.sty"
Package: grfext 2016/05/16 v1.2 Manage graphics extensions (HO)

("C:\Program Files\MiKTeX 2.9\tex\generic\oberdiek\kvdefinekeys.sty"
Package: kvdefinekeys 2016/05/16 v1.4 Define keys (HO)
))
("C:\Program Files\MiKTeX 2.9\tex\latex\oberdiek\kvoptions.sty"
Package: kvoptions 2016/05/16 v3.12 Key value format for package options (HO)

("C:\Program Files\MiKTeX 2.9\tex\generic\oberdiek\kvsetkeys.sty"
Package: kvsetkeys 2016/05/16 v1.17 Key value parser (HO)

("C:\Program Files\MiKTeX 2.9\tex\generic\oberdiek\etexcmds.sty"
Package: etexcmds 2016/05/16 v1.6 Avoid name clashes with e-TeX commands (HO)
Package etexcmds Info: Could not find \expanded.
(etexcmds)             That can mean that you are not using pdfTeX 1.50 or
(etexcmds)             that some package has redefined \expanded.
(etexcmds)             In the latter case, load this package earlier.
)))
Package epstopdf-base Info: Redefining graphics rule for `.eps' on input line 4
38.
Package grfext Info: Graphics extension search list:
(grfext)             [.png,.pdf,.jpg,.mps,.jpeg,.jbig2,.jb2,.PNG,.PDF,.JPG,.JPE
G,.JBIG2,.JB2,.eps]
(grfext)             \AppendGraphicsExtensions on input line 456.
)
\AtBeginShipoutBox=\box31

("C:\Program Files\MiKTeX 2.9\tex\latex\oberdiek\pdflscape.sty"
Package: pdflscape 2016/05/14 v0.11 Display of landscape pages in PDF (HO)

("C:\Program Files\MiKTeX 2.9\tex\latex\graphics\lscape.sty"
Package: lscape 2000/10/22 v3.01 Landscape Pages (DPC)
)
Package pdflscape Info: Auto-detected driver: pdftex on input line 81.
)
*geometry* driver: auto-detecting
*geometry* detected driver: pdftex
*geometry* verbose mode - [ preamble ] result:
* driver: pdftex
* paper: <default>
* layout: <same size as paper>
* layoutoffset:(h,v)=(0.0pt,0.0pt)
* modes: 
* h-part:(L,W,R)=(71.13188pt, 472.03123pt, 71.13188pt)
* v-part:(T,H,B)=(71.13188pt, 652.70622pt, 71.13188pt)
* \paperwidth=614.295pt
* \paperheight=794.96999pt
* \textwidth=472.03123pt
* \textheight=652.70622pt
* \oddsidemargin=-1.1381pt
* \evensidemargin=-1.1381pt
* \topmargin=-38.1381pt
* \headheight=30.0pt
* \headsep=25.0pt
* \topskip=12.0pt
* \footskip=30.0pt
* \marginparwidth=44.0pt
* \marginparsep=10.0pt
* \columnsep=10.0pt
* \skip\footins=10.8pt plus 4.0pt minus 2.0pt
* \hoffset=0.0pt
* \voffset=0.0pt
* \mag=1000
* \@twocolumnfalse
* \@twosidefalse
* \@mparswitchfalse
* \@reversemarginfalse
* (1in=72.27pt=25.4mm, 1cm=28.453pt)

LaTeX Font Info:    Try loading font information for OMS+cmr on input line 36.
("C:\Program Files\MiKTeX 2.9\tex\latex\base\omscmr.fd"
File: omscmr.fd 2014/09/29 v2.5h Standard LaTeX font definitions
)
LaTeX Font Info:    Font shape `OMS/cmr/m/n' in size <12> not available
(Font)              Font shape `OMS/cmsy/m/n' tried instead on input line 36.


LaTeX Font Warning: Font shape `OT1/cmr/m/n' in size <142.26378> not available
(Font)              size <24.88> substituted on input line 40.

<AxiomaLogoLargecropped.jpg, id=1, 727.71875pt x 333.245pt>
File: AxiomaLogoLargecropped.jpg Graphic file (type jpg)

<use AxiomaLogoLargecropped.jpg>
Package pdftex.def Info: AxiomaLogoLargecropped.jpg used on input line 40.
(pdftex.def)             Requested size: 727.71696pt x 333.24417pt.
 [1{C:/Users/zgao/AppData/Local/MiKTeX/2.9/pdftex/config/pdftex.map}

 <./AxiomaLogoLargecropped.jpg>]
File: AxiomaLogoLargecropped.jpg Graphic file (type jpg)

<use AxiomaLogoLargecropped.jpg>
Package pdftex.def Info: AxiomaLogoLargecropped.jpg used on input line 78.
(pdftex.def)             Requested size: 727.71696pt x 333.24417pt.
 [2]
File: AxiomaLogoLargecropped.jpg Graphic file (type jpg)
 <use AxiomaLogoLargecropped.jpg>
Package pdftex.def Info: AxiomaLogoLargecropped.jpg used on input line 124.
(pdftex.def)             Requested size: 727.71696pt x 333.24417pt.
 [3]
File: AxiomaLogoLargecropped.jpg Graphic file (type jpg)

<use AxiomaLogoLargecropped.jpg>
Package pdftex.def Info: AxiomaLogoLargecropped.jpg used on input line 152.
(pdftex.def)             Requested size: 727.71696pt x 333.24417pt.
 [4]
Package epstopdf Info: Source file: <Figures/CBobjects.eps>
(epstopdf)                    date: 2016-11-16 17:16:11
(epstopdf)                    size: 19334 bytes
(epstopdf)             Output file: <Figures/CBobjects-eps-converted-to.pdf>
(epstopdf)                    date: 2016-11-16 12:05:21
(epstopdf)                    size: 4106 bytes
(epstopdf)             Command: <epstopdf --outfile=Figures/CBobjects-eps-conve
rted-to.pdf Figures/CBobjects.eps>
(epstopdf)             \includegraphics on input line 158.
runsystem(epstopdf --outfile=Figures/CBobjects-eps-converted-to.pdf Figures/CBo
bjects.eps)...executed (allowed).

Package epstopdf Info: Result file: <Figures/CBobjects-eps-converted-to.pdf>
(epstopdf)                    date: 2016-11-16 17:16:15
(epstopdf)                    size: 4120 bytes.

<Figures/CBobjects-eps-converted-to.pdf, id=27, 1042.89626pt x 840.13875pt>
File: Figures/CBobjects-eps-converted-to.pdf Graphic file (type pdf)

<use Figures/CBobjects-eps-converted-to.pdf>
Package pdftex.def Info: Figures/CBobjects-eps-converted-to.pdf used on input l
ine 158.
(pdftex.def)             Requested size: 472.03123pt x 380.2639pt.

<Figures/compare.png, id=28, 578.16pt x 431.4519pt>
File: Figures/compare.png Graphic file (type png)
 <use Figures/compare.png>
Package pdftex.def Info: Figures/compare.png used on input line 190.
(pdftex.def)             Requested size: 330.42041pt x 246.57532pt.


LaTeX Warning: `h' float specifier changed to `ht'.

<Figures/CBsurf.png, id=30, 578.16pt x 431.4519pt>
File: Figures/CBsurf.png Graphic file (type png)
 <use Figures/CBsurf.png>
Package pdftex.def Info: Figures/CBsurf.png used on input line 197.
(pdftex.def)             Requested size: 236.01561pt x 176.12616pt.

<Figures/COCBsurf.png, id=31, 578.16pt x 431.4519pt>
File: Figures/COCBsurf.png Graphic file (type png)

<use Figures/COCBsurf.png>
Package pdftex.def Info: Figures/COCBsurf.png used on input line 198.
(pdftex.def)             Requested size: 236.01561pt x 176.12616pt.

Overfull \hbox (2.61107pt too wide) in paragraph at lines 197--199
[][] [] 
 []


LaTeX Warning: `h' float specifier changed to `ht'.

File: AxiomaLogoLargecropped.jpg Graphic file (type jpg)
<use AxiomaLogoLargecropped.jpg>
Package pdftex.def Info: AxiomaLogoLargecropped.jpg used on input line 203.
(pdftex.def)             Requested size: 727.71696pt x 333.24417pt.
 [5]
File: AxiomaLogoLargecropped.jpg Graphic file (type jpg)
 <use AxiomaLogoLargecropped.jpg>
Package pdftex.def Info: AxiomaLogoLargecropped.jpg used on input line 203.
(pdftex.def)             Requested size: 727.71696pt x 333.24417pt.
 [6 <./Figures/CBobjects-eps-converted-to.pdf>]
File: AxiomaLogoLargecropped.jpg Graphic file (type jpg)
 <use AxiomaLogoLargecropped.jpg>
Package pdftex.def Info: AxiomaLogoLargecropped.jpg used on input line 203.
(pdftex.def)             Requested size: 727.71696pt x 333.24417pt.
 [7 <./Figures/compare.png> <./Figures/CBsurf.png> <./Figures/COCBsurf.png>]

pdfTeX warning: pdflatex (file ./officeinfo.pdf): PDF inclusion: found PDF vers
ion <1.6>, but at most version <1.5> allowed
<officeinfo.pdf, id=50, 542.025pt x 722.7pt>
File: officeinfo.pdf Graphic file (type pdf)
 <use officeinfo.pdf>
Package pdftex.def Info: officeinfo.pdf used on input line 203.
(pdftex.def)             Requested size: 542.02367pt x 722.69823pt.


pdfTeX warning: pdflatex (file ./officeinfo.pdf): PDF inclusion: found PDF vers
ion <1.6>, but at most version <1.5> allowed
File: officeinfo.pdf Graphic file (type pdf)
<use officeinfo.pdf>
Package pdftex.def Info: officeinfo.pdf used on input line 203.
(pdftex.def)             Requested size: 542.02367pt x 722.69823pt.


pdfTeX warning: pdflatex (file ./officeinfo.pdf): PDF inclusion: found PDF vers
ion <1.6>, but at most version <1.5> allowed


pdfTeX warning: pdflatex (file ./officeinfo.pdf): PDF inclusion: found PDF vers
ion <1.6>, but at most version <1.5> allowed
<officeinfo.pdf, id=53, page=1, 542.025pt x 722.7pt>
File: officeinfo.pdf Graphic file (type pdf)

<use officeinfo.pdf, page 1>
Package pdftex.def Info: officeinfo.pdf, page1 used on input line 203.
(pdftex.def)             Requested size: 542.02367pt x 722.69823pt.
File: officeinfo.pdf Graphic file (type pdf)
 <use officeinfo.pdf, page 1>
Package pdftex.def Info: officeinfo.pdf, page1 used on input line 203.
(pdftex.def)             Requested size: 596.8pt x 795.73335pt.
File: officeinfo.pdf Graphic file (type pdf)

<use officeinfo.pdf, page 1>
Package pdftex.def Info: officeinfo.pdf, page1 used on input line 203.
(pdftex.def)             Requested size: 596.8pt x 795.73335pt.
File: officeinfo.pdf Graphic file (type pdf)
 <use officeinfo.pdf, page 1>
Package pdftex.def Info: officeinfo.pdf, page1 used on input line 203.
(pdftex.def)             Requested size: 596.8pt x 795.73335pt.
File: officeinfo.pdf Graphic file (type pdf)

<use officeinfo.pdf, page 1>
Package pdftex.def Info: officeinfo.pdf, page1 used on input line 203.
(pdftex.def)             Requested size: 596.8pt x 795.73335pt.
 [8

 <./officeinfo.pdf>] (TechNotes.aux)

LaTeX Font Warning: Size substitutions with differences
(Font)              up to 117.38377pt have occurred.


LaTeX Warning: Label(s) may have changed. Rerun to get cross-references right.

 ) 
Here is how much of TeX's memory you used:
 4171 strings out of 493334
 58065 string characters out of 3139254
 142729 words of memory out of 3000000
 7605 multiletter control sequences out of 15000+200000
 12696 words of font info for 45 fonts, out of 3000000 for 9000
 1141 hyphenation exceptions out of 8191
 40i,19n,45p,1037b,463s stack positions out of 5000i,500n,10000p,200000b,50000s
<C:/Program Files/MiKTeX 2.9/fonts/type1/public/amsfonts/cm/cmbx12.pfb><C:/Pr
ogram Files/MiKTeX 2.9/fonts/type1/public/amsfonts/cm/cmex10.pfb><C:/Program Fi
les/MiKTeX 2.9/fonts/type1/public/amsfonts/cm/cmmi12.pfb><C:/Program Files/MiKT
eX 2.9/fonts/type1/public/amsfonts/cm/cmmi8.pfb><C:/Program Files/MiKTeX 2.9/fo
nts/type1/public/amsfonts/cm/cmr12.pfb><C:/Program Files/MiKTeX 2.9/fonts/type1
/public/amsfonts/cm/cmr17.pfb><C:/Program Files/MiKTeX 2.9/fonts/type1/public/a
msfonts/cm/cmr8.pfb><C:/Program Files/MiKTeX 2.9/fonts/type1/public/amsfonts/cm
/cmss12.pfb><C:/Program Files/MiKTeX 2.9/fonts/type1/public/amsfonts/cm/cmssbx1
0.pfb><C:/Program Files/MiKTeX 2.9/fonts/type1/public/amsfonts/cm/cmsy10.pfb><C
:/Program Files/MiKTeX 2.9/fonts/type1/public/amsfonts/cm/cmsy8.pfb><C:/Program
 Files/MiKTeX 2.9/fonts/type1/public/amsfonts/cm/cmti12.pfb>
Output written on TechNotes.pdf (8 pages, 461193 bytes).
PDF statistics:
 106 PDF objects out of 1000 (max. 8388607)
 0 named destinations out of 1000 (max. 500000)
 46 words of extra memory for PDF output out of 10000 (max. 10000000)

